<?xml version="1.0" encoding="UTF-8"?>
<testsuites name="Mocha Tests" time="10.012" tests="0" failures="1">
  <testsuite name="Root Suite" timestamp="2025-01-02T17:36:55" tests="0" time="0.000" failures="0">
  </testsuite>
  <testsuite name="Goals API Suite" timestamp="2025-01-02T17:36:55" tests="0" file="C:\GoalsApp\backend\app-test.js" time="10.011" failures="1">
    <testcase name="Goals API Suite &quot;before all&quot; hook in &quot;Goals API Suite&quot;" time="10.010" classname="&quot;before all&quot; hook in &quot;Goals API Suite&quot;">
      <failure message="Timeout of 10000ms exceeded. For async tests and hooks, ensure &quot;done()&quot; is called; if returning a Promise, ensure it resolves. (C:\GoalsApp\backend\app-test.js)" type="Error"><![CDATA[Error: Timeout of 10000ms exceeded. For async tests and hooks, ensure "done()" is called; if returning a Promise, ensure it resolves. (C:\GoalsApp\backend\app-test.js)
    at runNextTicks (node:internal/process/task_queues:60:5)
    at listOnTimeout (node:internal/timers:545:9)
    at process.processTimers (node:internal/timers:519:7)]]></failure>
    </testcase>
  </testsuite>
</testsuites>